<?xml version="1.0" encoding="UTF-8"?>
<!-- Generated by org.testng.reporters.JUnitReportReporter -->
<testsuite hostname="SudhaRani" failures="0" tests="1" name="Sample.VTigerTC007" time="14.953" errors="0" timestamp="2024-11-13T09:36:54 IST" skipped="0">
  <testcase classname="Sample.VTigerTC007" name="OR_07test" time="14.953"/>
  <system-out/>
</testsuite> <!-- Sample.VTigerTC007 -->
