<?xml version="1.0" encoding="UTF-8"?>
<!-- Generated by org.testng.reporters.JUnitReportReporter -->
<testsuite hostname="SudhaRani" failures="0" tests="1" name="Sample.VTigerTC005" time="14.644" errors="0" timestamp="2024-11-13T09:38:49 IST" skipped="0">
  <testcase classname="Sample.VTigerTC005" name="OR_05test" time="14.644"/>
  <system-out/>
</testsuite> <!-- Sample.VTigerTC005 -->
