<?xml version="1.0" encoding="UTF-8"?>
<!-- Generated by org.testng.reporters.JUnitReportReporter -->
<testsuite hostname="SudhaRani" failures="0" tests="1" name="Sample.VTigerLogin001" time="27.604" errors="0" timestamp="2024-11-08T08:41:48 IST" skipped="0">
  <testcase classname="Sample.VTigerLogin001" name="TC_01" time="27.604"/>
  <system-out/>
</testsuite> <!-- Sample.VTigerLogin001 -->
