<?xml version="1.0" encoding="UTF-8"?>
<!-- Generated by org.testng.reporters.JUnitReportReporter -->
<testsuite hostname="SudhaRani" failures="0" tests="1" name="Sample.VTigerTC004" time="25.670" errors="0" timestamp="2024-11-08T10:23:31 IST" skipped="0">
  <testcase classname="Sample.VTigerTC004" name="LE_04test" time="25.670"/>
  <system-out/>
</testsuite> <!-- Sample.VTigerTC004 -->
