<?xml version="1.0" encoding="UTF-8"?>
<!-- Generated by org.testng.reporters.JUnitReportReporter -->
<testsuite hostname="SudhaRani" failures="0" tests="1" name="Sample.VTigerTC006" time="15.063" errors="0" timestamp="2024-11-13T09:38:21 IST" skipped="0">
  <testcase classname="Sample.VTigerTC006" name="OR_06test" time="15.063"/>
  <system-out/>
</testsuite> <!-- Sample.VTigerTC006 -->
