<?xml version="1.0" encoding="UTF-8"?>
<!-- Generated by org.testng.reporters.JUnitReportReporter -->
<testsuite hostname="SudhaRani" failures="0" tests="1" name="Sample.TestNGPractise" time="0.022" errors="0" timestamp="2024-11-16T08:51:34 IST" skipped="0">
  <testcase classname="Sample.TestNGPractise" name="deleteUser" time="0.022"/>
  <system-out/>
</testsuite> <!-- Sample.TestNGPractise -->
